f:\ws\e3d_engine\e3d_engine\x64\release\vc140.pdb
f:\ws\e3d_engine\e3d_engine\x64\release\vector4.obj
f:\ws\e3d_engine\e3d_engine\x64\release\sphere.obj
f:\ws\e3d_engine\e3d_engine\x64\release\screensfml.obj
f:\ws\e3d_engine\e3d_engine\x64\release\screenopencv.obj
f:\ws\e3d_engine\e3d_engine\x64\release\screen.obj
f:\ws\e3d_engine\e3d_engine\x64\release\render.obj
f:\ws\e3d_engine\e3d_engine\x64\release\polygone.obj
f:\ws\e3d_engine\e3d_engine\x64\release\plane.obj
f:\ws\e3d_engine\e3d_engine\x64\release\objloader.obj
f:\ws\e3d_engine\e3d_engine\x64\release\object.obj
f:\ws\e3d_engine\e3d_engine\x64\release\node.obj
f:\ws\e3d_engine\e3d_engine\x64\release\movableobject.obj
f:\ws\e3d_engine\e3d_engine\x64\release\mesh.obj
f:\ws\e3d_engine\e3d_engine\x64\release\matrix.obj
f:\ws\e3d_engine\e3d_engine\x64\release\material.obj
f:\ws\e3d_engine\e3d_engine\x64\release\main.obj
f:\ws\e3d_engine\e3d_engine\x64\release\label.obj
f:\ws\e3d_engine\e3d_engine\x64\release\entity.obj
f:\ws\e3d_engine\e3d_engine\x64\release\cube.obj
f:\ws\e3d_engine\e3d_engine\x64\release\camera.obj
f:\ws\e3d_engine\e3d_engine\x64\release\e3d_engine.tlog\cl.command.1.tlog
f:\ws\e3d_engine\e3d_engine\x64\release\e3d_engine.tlog\cl.read.1.tlog
f:\ws\e3d_engine\e3d_engine\x64\release\e3d_engine.tlog\cl.write.1.tlog
f:\ws\e3d_engine\e3d_engine\x64\release\e3d_engine.tlog\link.command.1.tlog
f:\ws\e3d_engine\e3d_engine\x64\release\e3d_engine.tlog\link.read.1.tlog
f:\ws\e3d_engine\e3d_engine\x64\release\e3d_engine.tlog\link.write.1.tlog
