La génération a démarré 1/1/2015 7:44:54 PM.
     1>Projet "F:\Dropbox\Dropbox\Cours\EFREI\L'3\S5\Programmation C++\Projet\Moteur3D_PERSO\E3D_ENGINE\E3D_ENGINE\E3D_ENGINE.vcxproj" sur le nœud 2 (Build cible(s)).
     1>ClCompile:
         F:\Programme\VS2012\VC\bin\x86_amd64\CL.exe /c /IF:\opencv\build\include /I"F:\SFML-2.1\include" /Zi /nologo /W3 /WX- /O2 /Oi /GL /D WIN32 /D NDEBUG /D _CONSOLE /D _UNICODE /D UNICODE /Gm- /EHsc /MD /GS /Gy /fp:precise /Zc:wchar_t /Zc:forScope /Fo"x64\Release\\" /Fd"x64\Release\vc110.pdb" /Gd /TP /errorReport:prompt "..\..\..\..\..\..\..\L'3\S5\Programmation C++\Projet\Moteur3D_Perso\E3D_ENGINE\E3D_ENGINE\main.cpp"
         main.cpp
       Link:
         F:\Programme\VS2012\VC\bin\x86_amd64\link.exe /ERRORREPORT:PROMPT /OUT:"F:\Dropbox\Dropbox\Cours\EFREI\L'3\S5\Programmation C++\Projet\Moteur3D_PERSO\E3D_ENGINE\x64\Release\E3D_ENGINE.exe" /INCREMENTAL:NO /NOLOGO /LIBPATH:F:\opencv\build\x64\vc11\lib /LIBPATH:"F:\SFML-2.1\lib" opencv_core247.lib opencv_imgproc247.lib opencv_highgui247.lib opencv_ml247.lib opencv_video247.lib opencv_features2d247.lib opencv_calib3d247.lib opencv_objdetect247.lib opencv_contrib247.lib opencv_legacy247.lib opencv_flann247.lib "sfml-graphics.lib" "sfml-window.lib" "sfml-system.lib" kernel32.lib user32.lib gdi32.lib winspool.lib comdlg32.lib advapi32.lib shell32.lib ole32.lib oleaut32.lib uuid.lib odbc32.lib odbccp32.lib /MANIFEST /MANIFESTUAC:"level='asInvoker' uiAccess='false'" /manifest:embed /DEBUG /PDB:"F:\Dropbox\Dropbox\Cours\EFREI\L'3\S5\Programmation C++\Projet\Moteur3D_PERSO\E3D_ENGINE\x64\Release\E3D_ENGINE.pdb" /SUBSYSTEM:CONSOLE /OPT:REF /OPT:ICF /LTCG /TLBID:1 /DYNAMICBASE /NXCOMPAT /IMPLIB:"F:\Dropbox\Dropbox\Cours\EFREI\L'3\S5\Programmation C++\Projet\Moteur3D_PERSO\E3D_ENGINE\x64\Release\E3D_ENGINE.lib" /MACHINE:X64 x64\Release\Camera.obj
         x64\Release\Cube.obj
         x64\Release\Entity.obj
         x64\Release\label.obj
         x64\Release\main.obj
         x64\Release\Material.obj
         x64\Release\Matrix.obj
         x64\Release\Mesh.obj
         x64\Release\MovableObject.obj
         x64\Release\Node.obj
         x64\Release\Object.obj
         x64\Release\ObjLoader.obj
         x64\Release\Plane.obj
         x64\Release\Polygone.obj
         x64\Release\Render.obj
         x64\Release\Screen.obj
         x64\Release\ScreenOpenCV.obj
         x64\Release\ScreenSFML.obj
         x64\Release\Sphere.obj
         x64\Release\Vector4.obj
         Génération de code en cours
         Fin de la génération du code
         E3D_ENGINE.vcxproj -> F:\Dropbox\Dropbox\Cours\EFREI\L'3\S5\Programmation C++\Projet\Moteur3D_PERSO\E3D_ENGINE\x64\Release\E3D_ENGINE.exe
     1>Génération du projet "F:\Dropbox\Dropbox\Cours\EFREI\L'3\S5\Programmation C++\Projet\Moteur3D_PERSO\E3D_ENGINE\E3D_ENGINE\E3D_ENGINE.vcxproj" terminée (Build cible(s)).

La génération a réussi.

Temps écoulé 00:00:02.25
